<?xml version="1.0" encoding="UTF-8"?>
<testng-results ignored="0" total="1" passed="1" failed="0" skipped="0">
  <reporter-output>
  </reporter-output>
  <suite started-at="2024-11-26T15:36:39 IST" name="Regression Suite" finished-at="2024-11-26T15:37:05 IST" duration-ms="25853">
    <groups>
      <group name="cucumber">
        <method signature="AbstractTestNGCucumberTests.runScenario(io.cucumber.testng.PickleWrapper,io.cucumber.testng.FeatureWrapper)[pri:0, instance:testRunners.Test_Runner_001@34a3d150]" name="runScenario" class="io.cucumber.testng.AbstractTestNGCucumberTests"/>
      </group> <!-- cucumber -->
    </groups>
    <test started-at="2024-11-26T15:36:39 IST" name="RegressionTest" finished-at="2024-11-26T15:37:05 IST" duration-ms="25853">
      <class name="testRunners.Test_Runner_001">
        <test-method is-config="true" signature="setUpClass(org.testng.ITestContext)[pri:0, instance:testRunners.Test_Runner_001@34a3d150]" started-at="2024-11-26T15:36:40 IST" name="setUpClass" finished-at="2024-11-26T15:36:40 IST" duration-ms="762" status="PASS">
          <params>
            <param index="0">
              <value>
                <![CDATA[org.testng.TestRunner@27896d3b]]>
              </value>
            </param>
          </params>
          <reporter-output>
          </reporter-output>
        </test-method> <!-- setUpClass -->
        <test-method is-config="true" signature="beforeClass()[pri:0, instance:testRunners.Test_Runner_001@34a3d150]" started-at="2024-11-26T15:36:40 IST" name="beforeClass" finished-at="2024-11-26T15:36:40 IST" duration-ms="1" status="PASS">
          <reporter-output>
          </reporter-output>
        </test-method> <!-- beforeClass -->
        <test-method signature="runScenario(io.cucumber.testng.PickleWrapper,io.cucumber.testng.FeatureWrapper)[pri:0, instance:testRunners.Test_Runner_001@34a3d150]" started-at="2024-11-26T15:36:40 IST" name="runScenario" description="Runs Cucumber Scenarios" data-provider="scenarios" finished-at="2024-11-26T15:37:05 IST" duration-ms="24628" status="PASS">
          <params>
            <param index="0">
              <value>
                <![CDATA["Test scenario"]]>
              </value>
            </param>
            <param index="1">
              <value>
                <![CDATA["Test Framework"]]>
              </value>
            </param>
          </params>
          <reporter-output>
          </reporter-output>
        </test-method> <!-- runScenario -->
        <test-method is-config="true" signature="tearDownClass()[pri:0, instance:testRunners.Test_Runner_001@34a3d150]" started-at="2024-11-26T15:37:05 IST" name="tearDownClass" finished-at="2024-11-26T15:37:05 IST" duration-ms="66" status="PASS">
          <reporter-output>
          </reporter-output>
        </test-method> <!-- tearDownClass -->
      </class> <!-- testRunners.Test_Runner_001 -->
    </test> <!-- RegressionTest -->
  </suite> <!-- Regression Suite -->
</testng-results>
